<?xml version="1.0" encoding="UTF-8"?>
<testsuites name="Data Driven Test Suite" time="36" tests="0" failures="1" errors="0">
   <testsuite name="Data Driven Test Suite" tests="0" failures="1" errors="0" time="36" timestamp="2017-10-10 18:10:23" hostname="fitim - LAPTOP-AK5DO7TK" id="Test Suites/Data Driven Test Suite">
      <properties>
         <property name="deviceName" value=""/>
         <property name="devicePlatform" value=""/>
         <property name="logFolder" value="C:\\Users\\fitim\\Desktop\\Katalon Studio\\DataDrivenTest-master\\Reports\\Data Driven Test Suite\\20171010_181016"/>
         <property name="logFiles" value="C:\\Users\\fitim\\Desktop\\Katalon Studio\\DataDrivenTest-master\\Reports\\Data Driven Test Suite\\20171010_181016\\execution0.log"/>
         <property name="attachments" value="C:\\Users\\fitim\\Desktop\\Katalon Studio\\DataDrivenTest-master\\Reports\\Data Driven Test Suite\\20171010_181016\\1507648255284.png"/>
         <property name="hostName" value="fitim - LAPTOP-AK5DO7TK"/>
         <property name="os" value="Windows 10 64bit"/>
         <property name="katalonVersion" value="4.8.0.2"/>
         <property name="browser" value="Chrome 61.0.3163.100"/>
         <property name="hostAddress" value="192.168.0.11"/>
         <property name="sessionId" value="a538b157cf28ce69c242db7afad0cbaa"/>
         <property name="seleniumVersion" value="2.53.0"/>
         <property name="proxyInformation" value="ProxyInformation{proxyOption=NO_PROXY, proxyServerType=, password=, proxyServerAddress=, proxyServerPort=0}"/>
         <property name="platform" value="Windows 10"/>
      </properties>
      <testcase name="Test Cases/Web Application/Data Driven Test case - for loop" classname="Test Cases/Web Application/Data Driven Test case - for loop" status="FAILED">
         <failure type="FAILED" message="com.kms.katalon.core.webui.exception.WebElementNotFoundException: Web element with id: 'Object Repository/Make Appointment Page/btn_Book Appointment' located by 'By.xpath: //*[@id = 'btn-book-appointment']' not found"/>
         <system-out><![CDATA[2017-10-10 18:10:24 - [TEST_CASE][FAILED] - Test Cases/Web Application/Data Driven Test case - for loop: Test Cases/Web Application/Data Driven Test case - for loop FAILED because (of) com.kms.katalon.core.webui.exception.WebElementNotFoundException: Web element with id: 'Object Repository/Make Appointment Page/btn_Book Appointment' located by 'By.xpath: //*[@id = 'btn-book-appointment']' not found

2017-10-10 18:10:27 - [TEST_STEP][PASSED] - openBrowser: Browser is opened with url: ''

2017-10-10 18:10:34 - [MESSAGE][PASSED] - Browser is opened with url: ''

2017-10-10 18:10:34 - [TEST_STEP][PASSED] - navigateToUrl: Navigate to 'http://demoaut.katalon.com/profile.php#login' successfully

2017-10-10 18:10:39 - [MESSAGE][PASSED] - Navigate to 'http://demoaut.katalon.com/profile.php#login' successfully

2017-10-10 18:10:39 - [TEST_STEP][PASSED] - waitForPageLoad: Wait for page load successfully

2017-10-10 18:10:39 - [MESSAGE][PASSED] - Wait for page load successfully

2017-10-10 18:10:39 - [TEST_STEP][PASSED] - setText: Text '' is set on object 'Object Repository/Login Page of Demo Application/input_username'

2017-10-10 18:10:41 - [MESSAGE][PASSED] - Text '' is set on object 'Object Repository/Login Page of Demo Application/input_username'

2017-10-10 18:10:41 - [TEST_STEP][PASSED] - setText: Text '' is set on object 'Object Repository/Login Page of Demo Application/input_password'

2017-10-10 18:10:42 - [MESSAGE][PASSED] - Text '' is set on object 'Object Repository/Login Page of Demo Application/input_password'

2017-10-10 18:10:42 - [TEST_STEP][PASSED] - click: Object: 'Object Repository/Login Page of Demo Application/button_Login' is clicked on

2017-10-10 18:10:43 - [MESSAGE][PASSED] - Object: 'Object Repository/Login Page of Demo Application/button_Login' is clicked on

2017-10-10 18:10:43 - [TEST_STEP][FAILED] - verifyElementPresent: com.kms.katalon.core.webui.exception.WebElementNotFoundException: Web element with id: 'Object Repository/Make Appointment Page/btn_Book Appointment' located by 'By.xpath: //*[@id = 'btn-book-appointment']' not found

2017-10-10 18:10:55 - [MESSAGE][FAILED] - com.kms.katalon.core.webui.exception.WebElementNotFoundException: Web element with id: 'Object Repository/Make Appointment Page/btn_Book Appointment' located by 'By.xpath: //*[@id = 'btn-book-appointment']' not found
[[ATTACHMENT|C:\\Users\\fitim\\Desktop\\Katalon Studio\\DataDrivenTest-master\\Reports\\Data Driven Test Suite\\20171010_181016\\1507648255284.png]]

2017-10-10 18:10:55 - [TEST_STEP][PASSED] - closeBrowser: Browser is closed

2017-10-10 18:10:58 - [MESSAGE][PASSED] - Browser is closed]]></system-out>
         <system-err><![CDATA[2017-10-10 18:10:24 - [TEST_CASE][FAILED] - Test Cases/Web Application/Data Driven Test case - for loop: Test Cases/Web Application/Data Driven Test case - for loop FAILED because (of) com.kms.katalon.core.webui.exception.WebElementNotFoundException: Web element with id: 'Object Repository/Make Appointment Page/btn_Book Appointment' located by 'By.xpath: //*[@id = 'btn-book-appointment']' not found]]></system-err>
      </testcase>
      <system-out><![CDATA[2017-10-10 18:10:23 - [TEST_SUITE][FAILED] - Data Driven Test Suite: Test Cases/Web Application/Data Driven Test case - for loop FAILED because (of) com.kms.katalon.core.webui.exception.WebElementNotFoundException: Web element with id: 'Object Repository/Make Appointment Page/btn_Book Appointment' located by 'By.xpath: //*[@id = 'btn-book-appointment']' not found]]></system-out>
      <system-err><![CDATA[2017-10-10 18:10:23 - [TEST_SUITE][FAILED] - Data Driven Test Suite: Test Cases/Web Application/Data Driven Test case - for loop FAILED because (of) com.kms.katalon.core.webui.exception.WebElementNotFoundException: Web element with id: 'Object Repository/Make Appointment Page/btn_Book Appointment' located by 'By.xpath: //*[@id = 'btn-book-appointment']' not found]]></system-err>
   </testsuite>
</testsuites>
